#
# A fatal error has been detected by the Java Runtime Environment:
#
#  EXCEPTION_ACCESS_VIOLATION (0xc0000005) at pc=0x0000000064f29ffb, pid=12480, tid=0x0000000000001dbc
#
# JRE version: Java(TM) SE Runtime Environment (8.0_231-b11) (build 1.8.0_231-b11)
# Java VM: Java HotSpot(TM) 64-Bit Server VM (25.231-b11 mixed mode windows-amd64 compressed oops)
# Problematic frame:
# V  [jvm.dll+0x149ffb]
#
# Failed to write core dump. Minidumps are not enabled by default on client versions of Windows
#
# If you would like to submit a bug report, please visit:
#   http://bugreport.java.com/bugreport/crash.jsp
#

---------------  T H R E A D  ---------------

Current thread (0x000000001fd91000):  JavaThread "JavaFX Application Thread" [_thread_in_vm, id=7612, stack(0x0000000020fa0000,0x00000000210a0000)]

siginfo: ExceptionCode=0xc0000005, reading address 0x0000000000000008

Registers:
RAX=0x000000002109d1c8, RBX=0x000000001e395ad0, RCX=0x0000000000000000, RDX=0x000000002109d1c0
RSP=0x000000002109d110, RBP=0x000000002109d210, RSI=0x0000000000000000, RDI=0x0000000000000000
R8 =0x000000001fda9610, R9 =0x0000000000000001, R10=0x0000000000000000, R11=0x0000000000000246
R12=0x000000001fd7ebc0, R13=0x000000001fd91000, R14=0x000000001e01c170, R15=0x000000002109d2d0
RIP=0x0000000064f29ffb, EFLAGS=0x0000000000010246

Top of Stack: (sp=0x000000002109d110)
0x000000002109d110:   000000001fd91000 ffffffff00000001
0x000000002109d120:   0000000000000000 0000000000000000
0x000000002109d130:   0000000000000070 ffffffffffffffff
0x000000002109d140:   ffffffff00000002 0000000000000000
0x000000002109d150:   0000000000000000 000000001e01c558
0x000000002109d160:   000000002109d300 00000000000003d8
0x000000002109d170:   000000001e01c180 000000001fd911f8
0x000000002109d180:   0000000040000000 0000000080000000
0x000000002109d190:   00000000c0000388 00007ff9d51ae3dc
0x000000002109d1a0:   0000000000000000 00007ff9d562cb70
0x000000002109d1b0:   00000000002d0b7e 00007ff900000287
0x000000002109d1c0:   0000000000000006 000000001e395ad0
0x000000002109d1d0:   0000000000000001 00007ff900000001
0x000000002109d1e0:   0000000000000000 0000000000000000
0x000000002109d1f0:   0000000000000000 00007ff9d51c0bdb
0x000000002109d200:   0000000000000000 0000000000000100 

Instructions: (pc=0x0000000064f29ffb)
0x0000000064f29fdb:   08 48 8b cb e8 8c 51 08 00 48 63 0b 8d 41 01 89
0x0000000064f29feb:   03 48 8b 43 18 48 89 34 c8 eb 05 48 89 7c 24 40
0x0000000064f29ffb:   48 8b 56 08 48 8d 4c 24 70 0f b7 42 24 48 8b 52
0x0000000064f2a00b:   08 48 8b 54 c2 50 e8 2a da 0e 00 4c 8d 1d fb 3b 


Register to memory mapping:

RAX=0x000000002109d1c8 is pointing into the stack for thread: 0x000000001fd91000
RBX=0x000000001e395ad0 is an unknown value
RCX=0x0000000000000000 is an unknown value
RDX=0x000000002109d1c0 is pointing into the stack for thread: 0x000000001fd91000
RSP=0x000000002109d110 is pointing into the stack for thread: 0x000000001fd91000
RBP=0x000000002109d210 is pointing into the stack for thread: 0x000000001fd91000
RSI=0x0000000000000000 is an unknown value
RDI=0x0000000000000000 is an unknown value
R8 =0x000000001fda9610 is a global jni handle
R9 =0x0000000000000001 is an unknown value
R10=0x0000000000000000 is an unknown value
R11=0x0000000000000246 is an unknown value
R12=0x000000001fd7ebc0 is an unknown value
R13=0x000000001fd91000 is a thread
R14=0x000000001e01c170 is an unknown value
R15=0x000000002109d2d0 is pointing into the stack for thread: 0x000000001fd91000


Stack: [0x0000000020fa0000,0x00000000210a0000],  sp=0x000000002109d110,  free space=1012k
Native frames: (J=compiled Java code, j=interpreted, Vv=VM code, C=native code)
V  [jvm.dll+0x149ffb]
V  [jvm.dll+0x14fc58]
C  [glass.dll+0x500c]
C  [glass.dll+0xa249]
C  [glass.dll+0x17a8]
C  [USER32.dll+0xe858]
C  [USER32.dll+0xde1b]
C  [USER32.dll+0xd68a]
C  [glass.dll+0x196c7]
C  0x0000000002c98627

Java frames: (J=compiled Java code, j=interpreted, Vv=VM code)
j  com.sun.glass.ui.win.WinView._exitFullscreen(JZ)V+0
j  com.sun.glass.ui.View.exitFullscreen(Z)V+13
j  com.sun.javafx.tk.quantum.WindowStage.applyFullScreen()V+322
j  com.sun.javafx.tk.quantum.WindowStage.setFullScreen(Z)V+50
j  com.sun.javafx.tk.quantum.WindowStage.exitFullScreen()V+2
j  com.sun.javafx.tk.quantum.WindowStage.setScene(Lcom/sun/javafx/tk/TKScene;)V+12
j  javafx.stage.Window$SceneModel.updatePeerScene(Lcom/sun/javafx/tk/TKScene;)V+18
j  javafx.stage.Window$SceneModel.invalidated()V+35
J 2161 C2 javafx.beans.property.ObjectPropertyBase.set(Ljava/lang/Object;)V (110 bytes) @ 0x00000000032f8ee4 [0x00000000032f8e60+0x84]
j  javafx.stage.Window.setScene(Ljavafx/scene/Scene;)V+5
j  javafx.stage.Stage.setScene(Ljavafx/scene/Scene;)V+8
j  cCarre.AffichageMap.view.MainController.lambda$3(Ljavafx/scene/layout/VBox;Ljavafx/event/ActionEvent;)V+72
j  cCarre.AffichageMap.view.MainController$$Lambda$207.handle(Ljavafx/event/Event;)V+12
j  javafx.animation.Animation.impl_finished()V+28
j  javafx.animation.AnimationAccessorImpl.finished(Ljavafx/animation/Animation;)V+1
J 3718 C1 com.sun.scenario.animation.shared.SingleLoopClipEnvelope.timePulse(J)V (148 bytes) @ 0x0000000002fd2d14 [0x0000000002fd2720+0x5f4]
J 3392 C1 javafx.animation.Animation.impl_timePulse(J)V (60 bytes) @ 0x0000000003288e64 [0x0000000003288be0+0x284]
J 3063 C1 javafx.animation.Animation$1$$Lambda$178.run()Ljava/lang/Object; (12 bytes) @ 0x0000000002df551c [0x0000000002df53c0+0x15c]
v  ~StubRoutines::call_stub
J 1270  java.security.AccessController.doPrivileged(Ljava/security/PrivilegedAction;Ljava/security/AccessControlContext;)Ljava/lang/Object; (0 bytes) @ 0x00000000030a8d26 [0x00000000030a8cc0+0x66]
J 3713 C2 com.sun.glass.ui.InvokeLaterDispatcher$Future.run()V (91 bytes) @ 0x0000000003065ecc [0x0000000003065340+0xb8c]
v  ~StubRoutines::call_stub
j  com.sun.glass.ui.win.WinApplication._runLoop(Ljava/lang/Runnable;)V+0
j  com.sun.glass.ui.win.WinApplication.lambda$null$4(ILjava/lang/Runnable;)V+8
j  com.sun.glass.ui.win.WinApplication$$Lambda$38.run()V+12
j  java.lang.Thread.run()V+11
v  ~StubRoutines::call_stub

---------------  P R O C E S S  ---------------

Java Threads: ( => current thread )
  0x000000002bfcf800 JavaThread "Timer-37" daemon [_thread_blocked, id=12492, stack(0x000000003bce0000,0x000000003bde0000)]
  0x000000002bfce000 JavaThread "JFXMedia Player EventQueueThread" daemon [_thread_blocked, id=17976, stack(0x000000003b8e0000,0x000000003b9e0000)]
  0x000000002bfcf000 JavaThread "Timer-36" daemon [_thread_blocked, id=24500, stack(0x000000003b7e0000,0x000000003b8e0000)]
  0x000000002bfc7800 JavaThread "JFXMedia Player EventQueueThread" daemon [_thread_blocked, id=12028, stack(0x000000003b3e0000,0x000000003b4e0000)]
  0x000000002bfcd800 JavaThread "Timer-35" daemon [_thread_blocked, id=17208, stack(0x000000003b2e0000,0x000000003b3e0000)]
  0x000000002bfcc000 JavaThread "JFXMedia Player EventQueueThread" daemon [_thread_blocked, id=23864, stack(0x000000003aee0000,0x000000003afe0000)]
  0x000000002bfc8000 JavaThread "Timer-34" daemon [_thread_blocked, id=456, stack(0x000000003ade0000,0x000000003aee0000)]
  0x000000002bfcc800 JavaThread "JFXMedia Player EventQueueThread" daemon [_thread_blocked, id=12320, stack(0x0000000031b00000,0x0000000031c00000)]
  0x000000002bfcb000 JavaThread "Timer-33" daemon [_thread_blocked, id=12416, stack(0x0000000031a00000,0x0000000031b00000)]
  0x000000002bfc9000 JavaThread "JFXMedia Player EventQueueThread" daemon [_thread_blocked, id=10076, stack(0x0000000031600000,0x0000000031700000)]
  0x000000002bfca800 JavaThread "Timer-32" daemon [_thread_blocked, id=22852, stack(0x0000000031500000,0x0000000031600000)]
  0x000000002c0f2000 JavaThread "JFXMedia Player EventQueueThread" daemon [_thread_blocked, id=4512, stack(0x0000000031100000,0x0000000031200000)]
  0x000000002c0f5800 JavaThread "Timer-31" daemon [_thread_blocked, id=10516, stack(0x0000000031000000,0x0000000031100000)]
  0x000000002c0f5000 JavaThread "JFXMedia Player EventQueueThread" daemon [_thread_blocked, id=16952, stack(0x0000000030600000,0x0000000030700000)]
  0x000000002c0f3800 JavaThread "Timer-30" daemon [_thread_blocked, id=1428, stack(0x0000000030f00000,0x0000000031000000)]
  0x000000002c0f2800 JavaThread "Timer-29" daemon [_thread_blocked, id=1076, stack(0x0000000030e00000,0x0000000030f00000)]
  0x000000002c0f4000 JavaThread "JFXMedia Player EventQueueThread" daemon [_thread_blocked, id=2144, stack(0x0000000030900000,0x0000000030a00000)]
  0x000000002c0ea800 JavaThread "Timer-28" daemon [_thread_blocked, id=1884, stack(0x000000003ace0000,0x000000003ade0000)]
  0x000000002c0e9800 JavaThread "JFXMedia Player EventQueueThread" daemon [_thread_blocked, id=23840, stack(0x000000003a8e0000,0x000000003a9e0000)]
  0x000000002c0f1000 JavaThread "Timer-27" daemon [_thread_blocked, id=2468, stack(0x000000003a7e0000,0x000000003a8e0000)]
  0x000000002c0f0800 JavaThread "JFXMedia Player EventQueueThread" daemon [_thread_blocked, id=7600, stack(0x000000003a3e0000,0x000000003a4e0000)]
  0x000000002c0ef800 JavaThread "Timer-26" daemon [_thread_blocked, id=21064, stack(0x000000003a2e0000,0x000000003a3e0000)]
  0x000000002c0e8000 JavaThread "JFXMedia Player EventQueueThread" daemon [_thread_blocked, id=18504, stack(0x00000000390e0000,0x00000000391e0000)]
  0x000000002c0ef000 JavaThread "Timer-25" daemon [_thread_blocked, id=21912, stack(0x000000003a1e0000,0x000000003a2e0000)]
  0x000000002c0e7800 JavaThread "Timer-24" daemon [_thread_blocked, id=19580, stack(0x000000003a0e0000,0x000000003a1e0000)]
  0x000000002c0ee000 JavaThread "JFXMedia Player EventQueueThread" daemon [_thread_blocked, id=1736, stack(0x0000000039ce0000,0x0000000039de0000)]
  0x000000002c0e6800 JavaThread "Timer-23" daemon [_thread_blocked, id=24268, stack(0x0000000039be0000,0x0000000039ce0000)]
  0x000000002c0ed800 JavaThread "Timer-22" daemon [_thread_blocked, id=9364, stack(0x0000000039ae0000,0x0000000039be0000)]
  0x000000002c0ec800 JavaThread "JFXMedia Player EventQueueThread" daemon [_thread_blocked, id=3704, stack(0x00000000393e0000,0x00000000394e0000)]
  0x000000002c0e9000 JavaThread "Timer-21" daemon [_thread_blocked, id=24188, stack(0x0000000038fe0000,0x00000000390e0000)]
  0x000000002c0ec000 JavaThread "JFXMedia Player EventQueueThread" daemon [_thread_blocked, id=23312, stack(0x00000000381e0000,0x00000000382e0000)]
  0x000000002c0eb000 JavaThread "Timer-20" daemon [_thread_blocked, id=7852, stack(0x0000000038ee0000,0x0000000038fe0000)]
  0x000000002044d800 JavaThread "JFXMedia Player EventQueueThread" daemon [_thread_blocked, id=20232, stack(0x0000000038ae0000,0x0000000038be0000)]
  0x000000002bc75800 JavaThread "JFXMedia Player EventQueueThread" daemon [_thread_blocked, id=12652, stack(0x00000000385e0000,0x00000000386e0000)]
  0x000000002bc74000 JavaThread "Timer-18" daemon [_thread_blocked, id=18524, stack(0x000000002ec20000,0x000000002ed20000)]
  0x000000002bc79000 JavaThread "Timer-17" daemon [_thread_blocked, id=24192, stack(0x00000000380e0000,0x00000000381e0000)]
  0x000000002bc7a000 JavaThread "JFXMedia Player EventQueueThread" daemon [_thread_blocked, id=15468, stack(0x0000000037ae0000,0x0000000037be0000)]
  0x000000002bc71800 JavaThread "Timer-16" daemon [_thread_blocked, id=5504, stack(0x00000000379e0000,0x0000000037ae0000)]
  0x000000002bc78800 JavaThread "JFXMedia Player EventQueueThread" daemon [_thread_blocked, id=24568, stack(0x0000000036fe0000,0x00000000370e0000)]
  0x000000002bc73000 JavaThread "Timer-15" daemon [_thread_blocked, id=23684, stack(0x00000000378e0000,0x00000000379e0000)]
  0x000000002bc77800 JavaThread "JFXMedia Player EventQueueThread" daemon [_thread_blocked, id=23156, stack(0x00000000374e0000,0x00000000375e0000)]
  0x000000002bc70000 JavaThread "Timer-14" daemon [_thread_blocked, id=9888, stack(0x00000000373e0000,0x00000000374e0000)]
  0x000000002bc77000 JavaThread "Timer-13" daemon [_thread_blocked, id=4700, stack(0x0000000036ee0000,0x0000000036fe0000)]
  0x000000002bc71000 JavaThread "JFXMedia Player EventQueueThread" daemon [_thread_blocked, id=6112, stack(0x00000000361e0000,0x00000000362e0000)]
  0x000000002bc76000 JavaThread "Timer-12" daemon [_thread_blocked, id=23824, stack(0x0000000036be0000,0x0000000036ce0000)]
  0x000000002bc6e000 JavaThread "Timer-11" daemon [_thread_blocked, id=6124, stack(0x00000000362e0000,0x00000000363e0000)]
  0x000000002bc6c800 JavaThread "JFXMedia Player EventQueueThread" daemon [_thread_blocked, id=11956, stack(0x00000000367e0000,0x00000000368e0000)]
  0x000000002bc6b800 JavaThread "JFXMedia Player EventQueueThread" daemon [_thread_blocked, id=7644, stack(0x00000000364e0000,0x00000000365e0000)]
  0x000000002bc6d000 JavaThread "Timer-10" daemon [_thread_blocked, id=2396, stack(0x00000000363e0000,0x00000000364e0000)]
  0x000000002bc6f800 JavaThread "Timer-9" daemon [_thread_blocked, id=10176, stack(0x0000000035ee0000,0x0000000035fe0000)]
  0x000000002bc6e800 JavaThread "JFXMedia Player EventQueueThread" daemon [_thread_blocked, id=16908, stack(0x0000000035ae0000,0x0000000035be0000)]
  0x000000002bc72800 JavaThread "Timer-8" daemon [_thread_blocked, id=14628, stack(0x00000000359e0000,0x0000000035ae0000)]
  0x000000002044c800 JavaThread "JFXMedia Player EventQueueThread" daemon [_thread_blocked, id=8992, stack(0x00000000350e0000,0x00000000351e0000)]
  0x0000000020450800 JavaThread "Timer-7" daemon [_thread_blocked, id=15560, stack(0x00000000351e0000,0x00000000352e0000)]
  0x000000002044b000 JavaThread "Timer-6" daemon [_thread_blocked, id=19856, stack(0x000000002f220000,0x000000002f320000)]
  0x000000002044c000 JavaThread "JFXMedia Player EventQueueThread" daemon [_thread_blocked, id=22264, stack(0x00000000354e0000,0x00000000355e0000)]
  0x000000002044f000 JavaThread "JFXMedia Player EventQueueThread" daemon [_thread_blocked, id=2436, stack(0x000000002ef20000,0x000000002f020000)]
  0x0000000020452000 JavaThread "Timer-5" daemon [_thread_blocked, id=4756, stack(0x00000000353e0000,0x00000000354e0000)]
  0x0000000020451000 JavaThread "Timer-3" daemon [_thread_blocked, id=13412, stack(0x000000002ed20000,0x000000002ee20000)]
  0x000000002044e000 JavaThread "JFXMedia Player EventQueueThread" daemon [_thread_blocked, id=21352, stack(0x0000000033c10000,0x0000000033d10000)]
  0x000000002bc19000 JavaThread "JFXMedia Player EventQueueThread" daemon [_thread_blocked, id=8272, stack(0x000000002e820000,0x000000002e920000)]
  0x000000002bbba000 JavaThread "Timer-0" daemon [_thread_blocked, id=1128, stack(0x000000002e5c0000,0x000000002e6c0000)]
  0x000000002bbb3800 JavaThread "Media Resource Disposer" daemon [_thread_blocked, id=24260, stack(0x0000000032940000,0x0000000032a40000)]
  0x000000002bbdd000 JavaThread "JFXMedia Player EventQueueThread" daemon [_thread_blocked, id=8656, stack(0x000000002dec0000,0x000000002dfc0000)]
  0x0000000020324000 JavaThread "Prism Font Disposer" daemon [_thread_blocked, id=17248, stack(0x000000002d1d0000,0x000000002d2d0000)]
  0x000000001fe2a000 JavaThread "Thread-3" daemon [_thread_in_native, id=6636, stack(0x0000000029a50000,0x0000000029b50000)]
  0x000000001fe23800 JavaThread "JavaFX-Launcher" [_thread_blocked, id=23960, stack(0x0000000029b50000,0x0000000029c50000)]
=>0x000000001fd91000 JavaThread "JavaFX Application Thread" [_thread_in_vm, id=7612, stack(0x0000000020fa0000,0x00000000210a0000)]
  0x000000001fd8d000 JavaThread "Thread-1" daemon [_thread_blocked, id=5968, stack(0x0000000020ea0000,0x0000000020fa0000)]
  0x000000001fd77800 JavaThread "QuantumRenderer-0" daemon [_thread_blocked, id=4532, stack(0x00000000206a0000,0x00000000207a0000)]
  0x000000001e0a7000 JavaThread "Service Thread" daemon [_thread_blocked, id=19796, stack(0x000000001faa0000,0x000000001fba0000)]
  0x000000001e024000 JavaThread "C1 CompilerThread3" daemon [_thread_blocked, id=10808, stack(0x000000001f9a0000,0x000000001faa0000)]
  0x000000001e023000 JavaThread "C2 CompilerThread2" daemon [_thread_blocked, id=13208, stack(0x000000001f8a0000,0x000000001f9a0000)]
  0x000000001e01a000 JavaThread "C2 CompilerThread1" daemon [_thread_blocked, id=8716, stack(0x000000001f7a0000,0x000000001f8a0000)]
  0x000000001e014800 JavaThread "C2 CompilerThread0" daemon [_thread_blocked, id=24232, stack(0x000000001f6a0000,0x000000001f7a0000)]
  0x000000001e013000 JavaThread "Attach Listener" daemon [_thread_blocked, id=19480, stack(0x000000001f5a0000,0x000000001f6a0000)]
  0x000000001e012000 JavaThread "Signal Dispatcher" daemon [_thread_blocked, id=2156, stack(0x000000001f4a0000,0x000000001f5a0000)]
  0x000000001c942800 JavaThread "Finalizer" daemon [_thread_blocked, id=16156, stack(0x000000001f270000,0x000000001f370000)]
  0x000000001e003000 JavaThread "Reference Handler" daemon [_thread_blocked, id=11872, stack(0x000000001f170000,0x000000001f270000)]
  0x0000000002b83800 JavaThread "main" [_thread_blocked, id=9740, stack(0x0000000002a80000,0x0000000002b80000)]

Other Threads:
  0x000000001c935800 VMThread [stack: 0x000000001f070000,0x000000001f170000] [id=17188]
  0x000000001e0ca800 WatcherThread [stack: 0x000000001fba0000,0x000000001fca0000] [id=10456]

VM state:not at safepoint (normal execution)

VM Mutex/Monitor currently owned by a thread: None

heap address: 0x00000006c0a00000, size: 4086 MB, Compressed Oops mode: Zero based, Oop shift amount: 3
Narrow klass base: 0x0000000000000000, Narrow klass shift: 3
Compressed class space size: 1073741824 Address: 0x00000007c0000000

Heap:
 PSYoungGen      total 256512K, used 14197K [0x000000076ae00000, 0x00000007b6000000, 0x00000007c0000000)
  eden space 256000K, 5% used [0x000000076ae00000,0x000000076bb8d670,0x000000077a800000)
  from space 512K, 62% used [0x00000007b5f80000,0x00000007b5fd0000,0x00000007b6000000)
  to   space 4096K, 0% used [0x00000007b5800000,0x00000007b5800000,0x00000007b5c00000)
 ParOldGen       total 175104K, used 14311K [0x00000006c0a00000, 0x00000006cb500000, 0x000000076ae00000)
  object space 175104K, 8% used [0x00000006c0a00000,0x00000006c17f9e10,0x00000006cb500000)
 Metaspace       used 19505K, capacity 20264K, committed 20480K, reserved 1067008K
  class space    used 2516K, capacity 2735K, committed 2816K, reserved 1048576K

Card table byte_map: [0x0000000012040000,0x0000000012840000] byte_map_base: 0x000000000ea3b000

Marking Bits: (ParMarkBitMap*) 0x0000000065606d90
 Begin Bits: [0x00000000137a0000, 0x0000000017778000)
 End Bits:   [0x0000000017778000, 0x000000001b750000)

Polling page: 0x0000000001250000

CodeCache: size=245760Kb used=10880Kb max_used=10902Kb free=234879Kb
 bounds [0x0000000002c80000, 0x0000000003740000, 0x0000000011c80000]
 total_blobs=3942 nmethods=3245 adapters=610
 compilation: enabled

Compilation events (10 events):
Event: 21.856 Thread 0x000000001e024000 3809       3       com.sun.javafx.geom.ChainEnd::addLink (38 bytes)
Event: 21.856 Thread 0x000000001e024000 nmethod 3809 0x0000000003713c50 code [0x0000000003713dc0, 0x00000000037141b0]
Event: 21.856 Thread 0x000000001e024000 3806       1       com.sun.prism.impl.shape.MaskData::getOriginX (5 bytes)
Event: 21.856 Thread 0x000000001e024000 nmethod 3806 0x0000000003713990 code [0x0000000003713ae0, 0x0000000003713bf0]
Event: 21.856 Thread 0x000000001e024000 3807       1       com.sun.prism.impl.shape.MaskData::getOriginY (5 bytes)
Event: 21.856 Thread 0x000000001e024000 nmethod 3807 0x00000000037136d0 code [0x0000000003713820, 0x0000000003713930]
Event: 21.859 Thread 0x000000001e024000 3814       3       javafx.scene.layout.CornerRadii::getTopLeftVerticalRadius (5 bytes)
Event: 21.860 Thread 0x000000001e024000 nmethod 3814 0x0000000003713390 code [0x00000000037134e0, 0x0000000003713630]
Event: 21.860 Thread 0x000000001e024000 3813       1       javafx.scene.layout.BackgroundFill::getFill (5 bytes)
Event: 21.860 Thread 0x000000001e024000 nmethod 3813 0x00000000037130d0 code [0x0000000003713220, 0x0000000003713330]

GC Heap History (10 events):
Event: 17.877 GC heap before
{Heap before GC invocations=34 (full 0):
 PSYoungGen      total 319488K, used 313600K [0x000000076ae00000, 0x00000007b6e00000, 0x00000007c0000000)
  eden space 313344K, 100% used [0x000000076ae00000,0x000000077e000000,0x000000077e000000)
  from space 6144K, 4% used [0x00000007b6200000,0x00000007b6240000,0x00000007b6800000)
  to   space 6144K, 0% used [0x00000007b6800000,0x00000007b6800000,0x00000007b6e00000)
 ParOldGen       total 175104K, used 14167K [0x00000006c0a00000, 0x00000006cb500000, 0x000000076ae00000)
  object space 175104K, 8% used [0x00000006c0a00000,0x00000006c17d5e10,0x00000006cb500000)
 Metaspace       used 19356K, capacity 20084K, committed 20352K, reserved 1067008K
  class space    used 2496K, capacity 2663K, committed 2688K, reserved 1048576K
Event: 17.878 GC heap after
Heap after GC invocations=34 (full 0):
 PSYoungGen      total 301056K, used 192K [0x000000076ae00000, 0x00000007b6880000, 0x00000007c0000000)
  eden space 300544K, 0% used [0x000000076ae00000,0x000000076ae00000,0x000000077d380000)
  from space 512K, 37% used [0x00000007b6800000,0x00000007b6830000,0x00000007b6880000)
  to   space 5632K, 0% used [0x00000007b5d80000,0x00000007b5d80000,0x00000007b6300000)
 ParOldGen       total 175104K, used 14183K [0x00000006c0a00000, 0x00000006cb500000, 0x000000076ae00000)
  object space 175104K, 8% used [0x00000006c0a00000,0x00000006c17d9e10,0x00000006cb500000)
 Metaspace       used 19356K, capacity 20084K, committed 20352K, reserved 1067008K
  class space    used 2496K, capacity 2663K, committed 2688K, reserved 1048576K
}
Event: 18.288 GC heap before
{Heap before GC invocations=35 (full 0):
 PSYoungGen      total 301056K, used 300736K [0x000000076ae00000, 0x00000007b6880000, 0x00000007c0000000)
  eden space 300544K, 100% used [0x000000076ae00000,0x000000077d380000,0x000000077d380000)
  from space 512K, 37% used [0x00000007b6800000,0x00000007b6830000,0x00000007b6880000)
  to   space 5632K, 0% used [0x00000007b5d80000,0x00000007b5d80000,0x00000007b6300000)
 ParOldGen       total 175104K, used 14183K [0x00000006c0a00000, 0x00000006cb500000, 0x000000076ae00000)
  object space 175104K, 8% used [0x00000006c0a00000,0x00000006c17d9e10,0x00000006cb500000)
 Metaspace       used 19357K, capacity 20084K, committed 20352K, reserved 1067008K
  class space    used 2496K, capacity 2663K, committed 2688K, reserved 1048576K
Event: 18.289 GC heap after
Heap after GC invocations=35 (full 0):
 PSYoungGen      total 293888K, used 320K [0x000000076ae00000, 0x00000007b6880000, 0x00000007c0000000)
  eden space 288256K, 0% used [0x000000076ae00000,0x000000076ae00000,0x000000077c780000)
  from space 5632K, 5% used [0x00000007b5d80000,0x00000007b5dd0000,0x00000007b6300000)
  to   space 5120K, 0% used [0x00000007b6380000,0x00000007b6380000,0x00000007b6880000)
 ParOldGen       total 175104K, used 14183K [0x00000006c0a00000, 0x00000006cb500000, 0x000000076ae00000)
  object space 175104K, 8% used [0x00000006c0a00000,0x00000006c17d9e10,0x00000006cb500000)
 Metaspace       used 19357K, capacity 20084K, committed 20352K, reserved 1067008K
  class space    used 2496K, capacity 2663K, committed 2688K, reserved 1048576K
}
Event: 18.718 GC heap before
{Heap before GC invocations=36 (full 0):
 PSYoungGen      total 293888K, used 288576K [0x000000076ae00000, 0x00000007b6880000, 0x00000007c0000000)
  eden space 288256K, 100% used [0x000000076ae00000,0x000000077c780000,0x000000077c780000)
  from space 5632K, 5% used [0x00000007b5d80000,0x00000007b5dd0000,0x00000007b6300000)
  to   space 5120K, 0% used [0x00000007b6380000,0x00000007b6380000,0x00000007b6880000)
 ParOldGen       total 175104K, used 14183K [0x00000006c0a00000, 0x00000006cb500000, 0x000000076ae00000)
  object space 175104K, 8% used [0x00000006c0a00000,0x00000006c17d9e10,0x00000006cb500000)
 Metaspace       used 19358K, capacity 20084K, committed 20352K, reserved 1067008K
  class space    used 2496K, capacity 2663K, committed 2688K, reserved 1048576K
Event: 18.719 GC heap after
Heap after GC invocations=36 (full 0):
 PSYoungGen      total 277504K, used 320K [0x000000076ae00000, 0x00000007b6400000, 0x00000007c0000000)
  eden space 276992K, 0% used [0x000000076ae00000,0x000000076ae00000,0x000000077bc80000)
  from space 512K, 62% used [0x00000007b6380000,0x00000007b63d0000,0x00000007b6400000)
  to   space 5120K, 0% used [0x00000007b5a00000,0x00000007b5a00000,0x00000007b5f00000)
 ParOldGen       total 175104K, used 14239K [0x00000006c0a00000, 0x00000006cb500000, 0x000000076ae00000)
  object space 175104K, 8% used [0x00000006c0a00000,0x00000006c17e7e10,0x00000006cb500000)
 Metaspace       used 19358K, capacity 20084K, committed 20352K, reserved 1067008K
  class space    used 2496K, capacity 2663K, committed 2688K, reserved 1048576K
}
Event: 19.212 GC heap before
{Heap before GC invocations=37 (full 0):
 PSYoungGen      total 277504K, used 277312K [0x000000076ae00000, 0x00000007b6400000, 0x00000007c0000000)
  eden space 276992K, 100% used [0x000000076ae00000,0x000000077bc80000,0x000000077bc80000)
  from space 512K, 62% used [0x00000007b6380000,0x00000007b63d0000,0x00000007b6400000)
  to   space 5120K, 0% used [0x00000007b5a00000,0x00000007b5a00000,0x00000007b5f00000)
 ParOldGen       total 175104K, used 14239K [0x00000006c0a00000, 0x00000006cb500000, 0x000000076ae00000)
  object space 175104K, 8% used [0x00000006c0a00000,0x00000006c17e7e10,0x00000006cb500000)
 Metaspace       used 19358K, capacity 20084K, committed 20352K, reserved 1067008K
  class space    used 2496K, capacity 2663K, committed 2688K, reserved 1048576K
Event: 19.213 GC heap after
Heap after GC invocations=37 (full 0):
 PSYoungGen      total 271360K, used 192K [0x000000076ae00000, 0x00000007b6400000, 0x00000007c0000000)
  eden space 266240K, 0% used [0x000000076ae00000,0x000000076ae00000,0x000000077b200000)
  from space 5120K, 3% used [0x00000007b5a00000,0x00000007b5a30000,0x00000007b5f00000)
  to   space 4608K, 0% used [0x00000007b5f80000,0x00000007b5f80000,0x00000007b6400000)
 ParOldGen       total 175104K, used 14303K [0x00000006c0a00000, 0x00000006cb500000, 0x000000076ae00000)
  object space 175104K, 8% used [0x00000006c0a00000,0x00000006c17f7e10,0x00000006cb500000)
 Metaspace       used 19358K, capacity 20084K, committed 20352K, reserved 1067008K
  class space    used 2496K, capacity 2663K, committed 2688K, reserved 1048576K
}
Event: 19.774 GC heap before
{Heap before GC invocations=38 (full 0):
 PSYoungGen      total 271360K, used 266432K [0x000000076ae00000, 0x00000007b6400000, 0x00000007c0000000)
  eden space 266240K, 100% used [0x000000076ae00000,0x000000077b200000,0x000000077b200000)
  from space 5120K, 3% used [0x00000007b5a00000,0x00000007b5a30000,0x00000007b5f00000)
  to   space 4608K, 0% used [0x00000007b5f80000,0x00000007b5f80000,0x00000007b6400000)
 ParOldGen       total 175104K, used 14303K [0x00000006c0a00000, 0x00000006cb500000, 0x000000076ae00000)
  object space 175104K, 8% used [0x00000006c0a00000,0x00000006c17f7e10,0x00000006cb500000)
 Metaspace       used 19358K, capacity 20084K, committed 20352K, reserved 1067008K
  class space    used 2496K, capacity 2663K, committed 2688K, reserved 1048576K
Event: 19.775 GC heap after
Heap after GC invocations=38 (full 0):
 PSYoungGen      total 256512K, used 320K [0x000000076ae00000, 0x00000007b6000000, 0x00000007c0000000)
  eden space 256000K, 0% used [0x000000076ae00000,0x000000076ae00000,0x000000077a800000)
  from space 512K, 62% used [0x00000007b5f80000,0x00000007b5fd0000,0x00000007b6000000)
  to   space 4096K, 0% used [0x00000007b5800000,0x00000007b5800000,0x00000007b5c00000)
 ParOldGen       total 175104K, used 14311K [0x00000006c0a00000, 0x00000006cb500000, 0x000000076ae00000)
  object space 175104K, 8% used [0x00000006c0a00000,0x00000006c17f9e10,0x00000006cb500000)
 Metaspace       used 19358K, capacity 20084K, committed 20352K, reserved 1067008K
  class space    used 2496K, capacity 2663K, committed 2688K, reserved 1048576K
}

Deoptimization events (10 events):
Event: 21.838 Thread 0x000000001fd77800 Uncommon trap: reason=unstable_if action=reinterpret pc=0x00000000031180fc method=com.sun.javafx.geom.CurveLink.absorb(Lcom/sun/javafx/geom/Curve;DDI)Z @ 5
Event: 21.838 Thread 0x000000001fd77800 Uncommon trap: reason=unstable_if action=reinterpret pc=0x0000000003301738 method=com.sun.javafx.geom.CurveLink.absorb(Lcom/sun/javafx/geom/Curve;DDI)Z @ 5
Event: 21.838 Thread 0x000000001fd77800 Uncommon trap: reason=unstable_if action=reinterpret pc=0x0000000003302914 method=com.sun.javafx.geom.Curve.getWithDirection(I)Lcom/sun/javafx/geom/Curve; @ 5
Event: 21.838 Thread 0x000000001fd77800 Uncommon trap: reason=bimorphic action=maybe_recompile pc=0x00000000032ebd74 method=com.sun.javafx.geom.Area.pathToCurves(Lcom/sun/javafx/geom/PathIterator;)Ljava/util/Vector; @ 39
Event: 21.838 Thread 0x000000001fd77800 Uncommon trap: reason=class_check action=maybe_recompile pc=0x00000000035c45ac method=com.sun.javafx.geom.AreaIterator.next()V @ 97
Event: 21.838 Thread 0x000000001fd77800 Uncommon trap: reason=unstable_if action=reinterpret pc=0x00000000035c4610 method=com.sun.javafx.geom.Order1.getX1()D @ 5
Event: 21.839 Thread 0x000000001fd77800 Uncommon trap: reason=bimorphic action=maybe_recompile pc=0x00000000032ebd74 method=com.sun.javafx.geom.Area.pathToCurves(Lcom/sun/javafx/geom/PathIterator;)Ljava/util/Vector; @ 39
Event: 21.840 Thread 0x000000001fd77800 Uncommon trap: reason=bimorphic action=maybe_recompile pc=0x00000000032ebd74 method=com.sun.javafx.geom.Area.pathToCurves(Lcom/sun/javafx/geom/PathIterator;)Ljava/util/Vector; @ 39
Event: 21.846 Thread 0x000000001fd91000 Uncommon trap: reason=class_check action=maybe_recompile pc=0x0000000003199844 method=javafx.scene.Node.processCSS()V @ 44
Event: 21.846 Thread 0x000000001fd91000 Uncommon trap: reason=class_check action=maybe_recompile pc=0x00000000030baaec method=javafx.scene.layout.Background.isEmpty()Z @ 4

Classes redefined (0 events):
No events

Internal exceptions (10 events):
Event: 15.668 Thread 0x000000001fd91000 Exception <a 'java/lang/NullPointerException'> (0x0000000782edac80) thrown at [C:\re\workspace\8-2-build-windows-amd64-cygwin\jdk8u231\13620\hotspot\src\share\vm\interpreter\linkResolver.cpp, line 1287]
Event: 15.904 Thread 0x000000001fd91000 Exception <a 'java/lang/NullPointerException'> (0x000000077930e490) thrown at [C:\re\workspace\8-2-build-windows-amd64-cygwin\jdk8u231\13620\hotspot\src\share\vm\interpreter\linkResolver.cpp, line 1287]
Event: 16.586 Thread 0x000000001fd91000 Exception <a 'java/lang/NullPointerException'> (0x0000000774f534b0) thrown at [C:\re\workspace\8-2-build-windows-amd64-cygwin\jdk8u231\13620\hotspot\src\share\vm\interpreter\linkResolver.cpp, line 1287]
Event: 17.906 Thread 0x000000001fd91000 Exception <a 'java/lang/NullPointerException'> (0x000000076ba974a0) thrown at [C:\re\workspace\8-2-build-windows-amd64-cygwin\jdk8u231\13620\hotspot\src\share\vm\interpreter\linkResolver.cpp, line 1287]
Event: 18.576 Thread 0x000000001fd91000 Exception <a 'java/lang/NullPointerException'> (0x0000000776d6a3c8) thrown at [C:\re\workspace\8-2-build-windows-amd64-cygwin\jdk8u231\13620\hotspot\src\share\vm\interpreter\linkResolver.cpp, line 1287]
Event: 19.612 Thread 0x000000001fd91000 Exception <a 'java/lang/NullPointerException'> (0x00000007761965b0) thrown at [C:\re\workspace\8-2-build-windows-amd64-cygwin\jdk8u231\13620\hotspot\src\share\vm\interpreter\linkResolver.cpp, line 1287]
Event: 19.784 Thread 0x000000001fd77800 Implicit null exception at 0x00000000034e2f90 to 0x00000000034e3b95
Event: 19.785 Thread 0x000000001fd77800 Implicit null exception at 0x00000000034d0f93 to 0x00000000034d10c1
Event: 19.786 Thread 0x000000001fd77800 Implicit null exception at 0x000000000369004a to 0x00000000036903f6
Event: 21.800 Thread 0x000000001fd91000 Exception <a 'java/io/FileNotFoundException'> (0x000000076afb3a78) thrown at [C:\re\workspace\8-2-build-windows-amd64-cygwin\jdk8u231\13620\hotspot\src\share\vm\prims\jni.cpp, line 710]

Events (10 events):
Event: 21.840 Thread 0x000000001fd77800 DEOPT PACKING pc=0x00000000032ebd74 sp=0x000000002079e460
Event: 21.840 Thread 0x000000001fd77800 DEOPT UNPACKING pc=0x0000000002cc583b sp=0x000000002079e3f0 mode 2
Event: 21.840 Executing VM operation: RevokeBias
Event: 21.840 Executing VM operation: RevokeBias done
Event: 21.846 Thread 0x000000001fd91000 Uncommon trap: trap_request=0xffffffde fr.pc=0x0000000003199844
Event: 21.846 Thread 0x000000001fd91000 DEOPT PACKING pc=0x0000000003199844 sp=0x0000000021096bb0
Event: 21.846 Thread 0x000000001fd91000 DEOPT UNPACKING pc=0x0000000002cc583b sp=0x0000000021096b50 mode 2
Event: 21.846 Thread 0x000000001fd91000 Uncommon trap: trap_request=0xffffffde fr.pc=0x00000000030baaec
Event: 21.846 Thread 0x000000001fd91000 DEOPT PACKING pc=0x00000000030baaec sp=0x0000000021096850
Event: 21.846 Thread 0x000000001fd91000 DEOPT UNPACKING pc=0x0000000002cc583b sp=0x0000000021096798 mode 2


Dynamic libraries:
0x00007ff650f00000 - 0x00007ff650f37000 	C:\Program Files\Java\jdk1.8.0_231\bin\javaw.exe
0x00007ff9d5590000 - 0x00007ff9d5787000 	C:\WINDOWS\SYSTEM32\ntdll.dll
0x00007ff9d5490000 - 0x00007ff9d554d000 	C:\WINDOWS\System32\KERNEL32.DLL
0x00007ff9d2cb0000 - 0x00007ff9d2f7d000 	C:\WINDOWS\System32\KERNELBASE.dll
0x00007ff9d38c0000 - 0x00007ff9d396e000 	C:\WINDOWS\System32\ADVAPI32.dll
0x00007ff9d35f0000 - 0x00007ff9d368e000 	C:\WINDOWS\System32\msvcrt.dll
0x00007ff9d4c70000 - 0x00007ff9d4d0c000 	C:\WINDOWS\System32\sechost.dll
0x00007ff9d5340000 - 0x00007ff9d5465000 	C:\WINDOWS\System32\RPCRT4.dll
0x00007ff9d51a0000 - 0x00007ff9d5340000 	C:\WINDOWS\System32\USER32.dll
0x00007ff9d32b0000 - 0x00007ff9d32d2000 	C:\WINDOWS\System32\win32u.dll
0x00007ff9d5170000 - 0x00007ff9d519a000 	C:\WINDOWS\System32\GDI32.dll
0x00007ff9d3350000 - 0x00007ff9d345b000 	C:\WINDOWS\System32\gdi32full.dll
0x00007ff9d3130000 - 0x00007ff9d31cd000 	C:\WINDOWS\System32\msvcp_win.dll
0x00007ff9d34f0000 - 0x00007ff9d35f0000 	C:\WINDOWS\System32\ucrtbase.dll
0x00007ff9b90f0000 - 0x00007ff9b938a000 	C:\WINDOWS\WinSxS\amd64_microsoft.windows.common-controls_6595b64144ccf1df_6.0.19041.1110_none_60b5254171f9507e\COMCTL32.dll
0x00007ff9d3760000 - 0x00007ff9d3790000 	C:\WINDOWS\System32\IMM32.DLL
0x0000000065690000 - 0x0000000065762000 	C:\Program Files\Java\jdk1.8.0_231\jre\bin\msvcr100.dll
0x0000000064de0000 - 0x0000000065686000 	C:\Program Files\Java\jdk1.8.0_231\jre\bin\server\jvm.dll
0x00007ff9d38b0000 - 0x00007ff9d38b8000 	C:\WINDOWS\System32\PSAPI.DLL
0x00007ff9cc110000 - 0x00007ff9cc11a000 	C:\WINDOWS\SYSTEM32\VERSION.dll
0x00007ff9cbb10000 - 0x00007ff9cbb19000 	C:\WINDOWS\SYSTEM32\WSOCK32.dll
0x00007ff9ccdb0000 - 0x00007ff9ccdd7000 	C:\WINDOWS\SYSTEM32\WINMM.dll
0x00007ff9d4810000 - 0x00007ff9d487b000 	C:\WINDOWS\System32\WS2_32.dll
0x00007ff9c6b10000 - 0x00007ff9c6b1f000 	C:\Program Files\Java\jdk1.8.0_231\jre\bin\verify.dll
0x00007ff9b0560000 - 0x00007ff9b0589000 	C:\Program Files\Java\jdk1.8.0_231\jre\bin\java.dll
0x00007ff9bf360000 - 0x00007ff9bf376000 	C:\Program Files\Java\jdk1.8.0_231\jre\bin\zip.dll
0x00007ff9d3aa0000 - 0x00007ff9d41e4000 	C:\WINDOWS\System32\SHELL32.dll
0x00007ff9d0dd0000 - 0x00007ff9d1564000 	C:\WINDOWS\SYSTEM32\windows.storage.dll
0x00007ff9d4910000 - 0x00007ff9d4c64000 	C:\WINDOWS\System32\combase.dll
0x00007ff9d2710000 - 0x00007ff9d273c000 	C:\WINDOWS\SYSTEM32\Wldp.dll
0x00007ff9d4fb0000 - 0x00007ff9d505d000 	C:\WINDOWS\System32\SHCORE.dll
0x00007ff9d46d0000 - 0x00007ff9d4725000 	C:\WINDOWS\System32\shlwapi.dll
0x00007ff9d2bf0000 - 0x00007ff9d2c0f000 	C:\WINDOWS\SYSTEM32\profapi.dll
0x0000000002990000 - 0x0000000002993000 	C:\Program Files\Java\jdk1.8.0_231\jre\bin\api-ms-win-core-console-l1-1-0.dll
0x00000000029a0000 - 0x00000000029a3000 	C:\Program Files\Java\jdk1.8.0_231\jre\bin\api-ms-win-core-datetime-l1-1-0.dll
0x00000000029b0000 - 0x00000000029b3000 	C:\Program Files\Java\jdk1.8.0_231\jre\bin\api-ms-win-core-debug-l1-1-0.dll
0x0000000002a20000 - 0x0000000002a23000 	C:\Program Files\Java\jdk1.8.0_231\jre\bin\api-ms-win-core-errorhandling-l1-1-0.dll
0x0000000002a30000 - 0x0000000002a34000 	C:\Program Files\Java\jdk1.8.0_231\jre\bin\api-ms-win-core-file-l1-1-0.dll
0x0000000002a40000 - 0x0000000002a43000 	C:\Program Files\Java\jdk1.8.0_231\jre\bin\api-ms-win-core-file-l1-2-0.dll
0x0000000002a50000 - 0x0000000002a53000 	C:\Program Files\Java\jdk1.8.0_231\jre\bin\api-ms-win-core-file-l2-1-0.dll
0x0000000002a60000 - 0x0000000002a63000 	C:\Program Files\Java\jdk1.8.0_231\jre\bin\api-ms-win-core-handle-l1-1-0.dll
0x00000000204a0000 - 0x00000000204a3000 	C:\Program Files\Java\jdk1.8.0_231\jre\bin\api-ms-win-core-heap-l1-1-0.dll
0x00000000204b0000 - 0x00000000204b3000 	C:\Program Files\Java\jdk1.8.0_231\jre\bin\api-ms-win-core-interlocked-l1-1-0.dll
0x00000000204c0000 - 0x00000000204c3000 	C:\Program Files\Java\jdk1.8.0_231\jre\bin\api-ms-win-core-libraryloader-l1-1-0.dll
0x00000000204d0000 - 0x00000000204d3000 	C:\Program Files\Java\jdk1.8.0_231\jre\bin\api-ms-win-core-localization-l1-2-0.dll
0x00000000204e0000 - 0x00000000204e3000 	C:\Program Files\Java\jdk1.8.0_231\jre\bin\api-ms-win-core-memory-l1-1-0.dll
0x00000000204f0000 - 0x00000000204f3000 	C:\Program Files\Java\jdk1.8.0_231\jre\bin\api-ms-win-core-namedpipe-l1-1-0.dll
0x0000000020500000 - 0x0000000020503000 	C:\Program Files\Java\jdk1.8.0_231\jre\bin\api-ms-win-core-processenvironment-l1-1-0.dll
0x0000000020510000 - 0x0000000020513000 	C:\Program Files\Java\jdk1.8.0_231\jre\bin\api-ms-win-core-processthreads-l1-1-0.dll
0x0000000020520000 - 0x0000000020523000 	C:\Program Files\Java\jdk1.8.0_231\jre\bin\api-ms-win-core-processthreads-l1-1-1.dll
0x0000000020530000 - 0x0000000020533000 	C:\Program Files\Java\jdk1.8.0_231\jre\bin\api-ms-win-core-profile-l1-1-0.dll
0x0000000020540000 - 0x0000000020543000 	C:\Program Files\Java\jdk1.8.0_231\jre\bin\api-ms-win-core-rtlsupport-l1-1-0.dll
0x0000000020550000 - 0x0000000020553000 	C:\Program Files\Java\jdk1.8.0_231\jre\bin\api-ms-win-core-string-l1-1-0.dll
0x0000000020560000 - 0x0000000020563000 	C:\Program Files\Java\jdk1.8.0_231\jre\bin\api-ms-win-core-synch-l1-1-0.dll
0x0000000020570000 - 0x0000000020573000 	C:\Program Files\Java\jdk1.8.0_231\jre\bin\api-ms-win-core-synch-l1-2-0.dll
0x0000000020580000 - 0x0000000020583000 	C:\Program Files\Java\jdk1.8.0_231\jre\bin\api-ms-win-core-sysinfo-l1-1-0.dll
0x0000000020590000 - 0x0000000020593000 	C:\Program Files\Java\jdk1.8.0_231\jre\bin\api-ms-win-core-timezone-l1-1-0.dll
0x00000000205a0000 - 0x00000000205a3000 	C:\Program Files\Java\jdk1.8.0_231\jre\bin\api-ms-win-core-util-l1-1-0.dll
0x00000000205b0000 - 0x00000000205b3000 	C:\Program Files\Java\jdk1.8.0_231\jre\bin\api-ms-win-crt-conio-l1-1-0.dll
0x00000000205c0000 - 0x00000000205c4000 	C:\Program Files\Java\jdk1.8.0_231\jre\bin\api-ms-win-crt-convert-l1-1-0.dll
0x00000000205d0000 - 0x00000000205d3000 	C:\Program Files\Java\jdk1.8.0_231\jre\bin\api-ms-win-crt-environment-l1-1-0.dll
0x00000000205e0000 - 0x00000000205e3000 	C:\Program Files\Java\jdk1.8.0_231\jre\bin\api-ms-win-crt-filesystem-l1-1-0.dll
0x00000000205f0000 - 0x00000000205f3000 	C:\Program Files\Java\jdk1.8.0_231\jre\bin\api-ms-win-crt-heap-l1-1-0.dll
0x0000000020600000 - 0x0000000020603000 	C:\Program Files\Java\jdk1.8.0_231\jre\bin\api-ms-win-crt-locale-l1-1-0.dll
0x0000000020610000 - 0x0000000020615000 	C:\Program Files\Java\jdk1.8.0_231\jre\bin\api-ms-win-crt-math-l1-1-0.dll
0x0000000020620000 - 0x0000000020625000 	C:\Program Files\Java\jdk1.8.0_231\jre\bin\api-ms-win-crt-multibyte-l1-1-0.dll
0x0000000020630000 - 0x0000000020640000 	C:\Program Files\Java\jdk1.8.0_231\jre\bin\api-ms-win-crt-private-l1-1-0.dll
0x0000000020640000 - 0x0000000020643000 	C:\Program Files\Java\jdk1.8.0_231\jre\bin\api-ms-win-crt-process-l1-1-0.dll
0x0000000020650000 - 0x0000000020654000 	C:\Program Files\Java\jdk1.8.0_231\jre\bin\api-ms-win-crt-runtime-l1-1-0.dll
0x0000000020660000 - 0x0000000020664000 	C:\Program Files\Java\jdk1.8.0_231\jre\bin\api-ms-win-crt-stdio-l1-1-0.dll
0x0000000020670000 - 0x0000000020674000 	C:\Program Files\Java\jdk1.8.0_231\jre\bin\api-ms-win-crt-string-l1-1-0.dll
0x0000000020680000 - 0x0000000020683000 	C:\Program Files\Java\jdk1.8.0_231\jre\bin\api-ms-win-crt-time-l1-1-0.dll
0x0000000020690000 - 0x0000000020693000 	C:\Program Files\Java\jdk1.8.0_231\jre\bin\api-ms-win-crt-utility-l1-1-0.dll
0x00007ff9a25d0000 - 0x00007ff9a26cc000 	C:\Program Files\Java\jdk1.8.0_231\jre\bin\ucrtbase.dll
0x00007ff9bf380000 - 0x00007ff9bf395000 	C:\Program Files\Java\jdk1.8.0_231\jre\bin\vcruntime140.dll
0x00007ff9b05b0000 - 0x00007ff9b064b000 	C:\Program Files\Java\jdk1.8.0_231\jre\bin\msvcp140.dll
0x00007ff9b0500000 - 0x00007ff9b0551000 	C:\Program Files\Java\jdk1.8.0_231\jre\bin\concrt140.dll
0x00007ff9a8240000 - 0x00007ff9a8263000 	C:\Program Files\Java\jdk1.8.0_231\jre\bin\prism_d3d.dll
0x00007ff9bf3f0000 - 0x00007ff9bf5bf000 	C:\WINDOWS\system32\d3d9.dll
0x00007ff9d0af0000 - 0x00007ff9d0b02000 	C:\WINDOWS\SYSTEM32\kernel.appcore.dll
0x00007ff9d0ac0000 - 0x00007ff9d0aef000 	C:\WINDOWS\SYSTEM32\dwmapi.dll
0x00007ff9d06f0000 - 0x00007ff9d078e000 	C:\WINDOWS\system32\uxtheme.dll
0x00007ff9c6c30000 - 0x00007ff9c6d47000 	C:\WINDOWS\System32\DriverStore\FileRepository\nv_dispi.inf_amd64_c43eff7079c4c90c\nvldumdx.dll
0x00007ff9d28a0000 - 0x00007ff9d28b2000 	C:\WINDOWS\SYSTEM32\msasn1.dll
0x00007ff9c77a0000 - 0x00007ff9c77d1000 	C:\WINDOWS\SYSTEM32\cryptnet.dll
0x00007ff9d2fd0000 - 0x00007ff9d3126000 	C:\WINDOWS\System32\CRYPT32.dll
0x00007ff9c7460000 - 0x00007ff9c75a8000 	C:\WINDOWS\SYSTEM32\drvstore.dll
0x00007ff9d2a60000 - 0x00007ff9d2a8c000 	C:\WINDOWS\SYSTEM32\devobj.dll
0x00007ff9d2f80000 - 0x00007ff9d2fce000 	C:\WINDOWS\System32\cfgmgr32.dll
0x00007ff9d2660000 - 0x00007ff9d266c000 	C:\WINDOWS\SYSTEM32\cryptbase.dll
0x00007ff9d32e0000 - 0x00007ff9d3347000 	C:\WINDOWS\System32\WINTRUST.DLL
0x00007ff9d5470000 - 0x00007ff9d548d000 	C:\WINDOWS\System32\imagehlp.dll
0x00007ff9d2670000 - 0x00007ff9d2688000 	C:\WINDOWS\SYSTEM32\CRYPTSP.dll
0x00007ff9d1d80000 - 0x00007ff9d1db4000 	C:\WINDOWS\system32\rsaenh.dll
0x00007ff9d3280000 - 0x00007ff9d32a7000 	C:\WINDOWS\System32\bcrypt.dll
0x00007ff9d3460000 - 0x00007ff9d34e2000 	C:\WINDOWS\System32\bcryptPrimitives.dll
0x00007ff9719d0000 - 0x00007ff9731da000 	C:\WINDOWS\System32\DriverStore\FileRepository\nv_dispi.inf_amd64_c43eff7079c4c90c\nvd3dumx.dll
0x00007ff99f190000 - 0x00007ff99f1d5000 	C:\Program Files\Java\jdk1.8.0_231\jre\bin\glass.dll
0x00007ff9d4730000 - 0x00007ff9d480b000 	C:\WINDOWS\System32\COMDLG32.dll
0x00007ff9d3970000 - 0x00007ff9d3a9a000 	C:\WINDOWS\System32\ole32.dll
0x00007ff9d3690000 - 0x00007ff9d375d000 	C:\WINDOWS\System32\OLEAUT32.dll
0x00007ff9d3790000 - 0x00007ff9d38a5000 	C:\WINDOWS\System32\MSCTF.dll
0x00007ff9948b0000 - 0x00007ff994b77000 	C:\WINDOWS\system32\nvspcap64.dll
0x00007ff9d19b0000 - 0x00007ff9d19e3000 	C:\WINDOWS\SYSTEM32\ntmarta.dll
0x00007ff9d1580000 - 0x00007ff9d15a3000 	C:\WINDOWS\SYSTEM32\gpapi.dll
0x00007ff9c78e0000 - 0x00007ff9c791b000 	C:\WINDOWS\SYSTEM32\dxcore.dll
0x00007ff9b0590000 - 0x00007ff9b05a4000 	C:\Program Files\Java\jdk1.8.0_231\jre\bin\javafx_font.dll
0x00007ff9c41e0000 - 0x00007ff9c445f000 	C:\WINDOWS\SYSTEM32\dwrite.dll
0x00007ff9d5060000 - 0x00007ff9d5109000 	C:\WINDOWS\System32\clbcatq.dll
0x00007ff9c9e30000 - 0x00007ff9c9fe4000 	C:\WINDOWS\SYSTEM32\WindowsCodecs.dll
0x00007ff99c480000 - 0x00007ff99c4be000 	C:\WINDOWS\system32\dataexchange.dll
0x00007ff9cf7f0000 - 0x00007ff9cf9d4000 	C:\WINDOWS\system32\dcomp.dll
0x00007ff9cecc0000 - 0x00007ff9cef23000 	C:\WINDOWS\system32\d3d11.dll
0x00007ff9d15b0000 - 0x00007ff9d16a3000 	C:\WINDOWS\system32\dxgi.dll
0x00007ff9cdea0000 - 0x00007ff9ce0a0000 	C:\WINDOWS\system32\twinapi.appcore.dll
0x00007ff99efb0000 - 0x00007ff99efe4000 	C:\Program Files\Common Files\Microsoft Shared\Ink\rtscom.dll
0x00007ff9c1060000 - 0x00007ff9c1159000 	C:\WINDOWS\SYSTEM32\textinputframework.dll
0x00007ff9cfd60000 - 0x00007ff9d00be000 	C:\WINDOWS\System32\CoreUIComponents.dll
0x00007ff9d00c0000 - 0x00007ff9d01b2000 	C:\WINDOWS\System32\CoreMessaging.dll
0x00007ff9cf690000 - 0x00007ff9cf7e4000 	C:\WINDOWS\SYSTEM32\wintypes.dll
0x00007ff9ae860000 - 0x00007ff9ae871000 	C:\Program Files\Java\jdk1.8.0_231\jre\bin\prism_common.dll
0x00007ff98ab70000 - 0x00007ff98ac18000 	C:\Program Files\Java\jdk1.8.0_231\jre\bin\glib-lite.dll
0x00007ff98aa90000 - 0x00007ff98ab6b000 	C:\Program Files\Java\jdk1.8.0_231\jre\bin\gstreamer-lite.dll
0x00007ff99f0c0000 - 0x00007ff99f15c000 	C:\WINDOWS\SYSTEM32\DSOUND.dll
0x00007ff9d2280000 - 0x00007ff9d22cb000 	C:\WINDOWS\SYSTEM32\powrprof.dll
0x00007ff9b4960000 - 0x00007ff9b4986000 	C:\WINDOWS\SYSTEM32\winmmbase.dll
0x00007ff9d20f0000 - 0x00007ff9d2102000 	C:\WINDOWS\SYSTEM32\UMPDC.dll
0x00007ff99f160000 - 0x00007ff99f187000 	C:\Program Files\Java\jdk1.8.0_231\jre\bin\jfxmedia.dll

VM Arguments:
jvm_args: -Dfile.encoding=Cp1252 
java_command: cCarre.MainMenu
java_class_path (initial): D:\users\rapha\eclipse-workspace\c\target\classes;C:\Users\rapha\.p2\pool\plugins\org.eclipse.fx.ide.css.jfx8_3.7.0.202010120832.jar;C:\Users\rapha\.p2\pool\plugins\org.junit.jupiter.api_5.8.1.v20211018-1956.jar;C:\Users\rapha\.p2\pool\plugins\org.junit.jupiter.engine_5.8.1.v20211018-1956.jar;C:\Users\rapha\.p2\pool\plugins\org.junit.jupiter.migrationsupport_5.8.1.v20211018-1956.jar;C:\Users\rapha\.p2\pool\plugins\org.junit.jupiter.params_5.8.1.v20211018-1956.jar;C:\Users\rapha\.p2\pool\plugins\org.junit.platform.commons_1.8.1.v20211018-1956.jar;C:\Users\rapha\.p2\pool\plugins\org.junit.platform.engine_1.8.1.v20211018-1956.jar;C:\Users\rapha\.p2\pool\plugins\org.junit.platform.launcher_1.8.1.v20211018-1956.jar;C:\Users\rapha\.p2\pool\plugins\org.junit.platform.runner_1.8.1.v20211018-1956.jar;C:\Users\rapha\.p2\pool\plugins\org.junit.platform.suite.api_1.8.1.v20211018-1956.jar;C:\Users\rapha\.p2\pool\plugins\org.junit.platform.suite.engine_1.8.1.v20211028-1957.jar;C:\Users\rapha\.p2\pool\plugins\org.junit.platform.suite.commons_1.8.1.v20211018-1956.jar;C:\Users\rapha\.p2\pool\plugins\org.junit.vintage.engine_5.8.1.v20211018-1956.jar;C:\Users\rapha\.p2\pool\plugins\org.opentest4j_1.2.0.v20211018-1956.jar;C:\Users\rapha\.p2\pool\plugins\org.apiguardian_1.1.2.v20211018-1956.jar;C:\Users\rapha\.p2\pool\plugins\org.junit_4.13.2.v20211018-1956.jar;C:\Users\rapha\.p2\pool\plugins\org.hamcrest.core_1.3.0.v20180420-1519.jar;D:\users\rapha\eclipse\javafx-sdk-17.0.2\lib\javafx.base.jar;D:\users\rapha\eclipse\javafx-sdk-17.0.2\lib\javafx.controls.jar;D:\users\rapha\eclipse\javafx-sdk-17.0.2\lib\javafx.fxml.jar;D:\users\rapha\eclipse\javafx-sdk-17.0.2\lib\javafx.graphics.jar;D:\users\rapha\eclipse\javafx-sdk-17.0.2\lib\javafx.media.jar;D:\users\rapha\eclipse\javafx-sdk-17.0.2\lib\javafx.swing.jar;D:\users\rapha\eclipse\javafx-sdk-17.0.2\lib\javafx.web.jar;D:\users\rapha\eclipse\javafx-sdk-17.0.2\lib\javafx-swt.jar;C:\Users\rapha\.m2\repository\com\goo
Launcher Type: SUN_STANDARD

Environment Variables:
PATH=C:\Program Files\Common Files\Oracle\Java\javapath;C:\Python39\Scripts\;C:\Python39\;C:\Program Files (x86)\Common Files\Oracle\Java\javapath;C:\Windows\system32;C:\Windows;C:\Windows\System32\Wbem;C:\Windows\System32\WindowsPowerShell\v1.0\;C:\Windows\System32\OpenSSH\;C:\Program Files\NVIDIA Corporation\NVIDIA NvDLISR;C:\Program Files (x86)\NVIDIA Corporation\PhysX\Common;C:\WINDOWS\system32;C:\WINDOWS;C:\WINDOWS\System32\Wbem;C:\WINDOWS\System32\WindowsPowerShell\v1.0\;C:\WINDOWS\System32\OpenSSH\;C:\Program Files\Microsoft SQL Server\120\Tools\Binn\;D:\Program Files (x86)\Windows Kits\10\Windows Performance Toolkit\;C:\ProgramData\chocolatey\bin;C:\Program Files\nodejs\;C:\Program Files\Git\cmd;C:\Users\rapha\AppData\Local\Microsoft\WindowsApps;C:\Program Files (x86)\Sennheiser\HeadSetup Pro\Plugins;C:\Program Files (x86)\Sennheiser\HeadSetup Pro\Open Source;C:\Program Files (x86)\Sennheiser\HeadSetup Pro\External;C:\Users\rapha\AppData\Local\GitHubDesktop\bin;D:\Users\rapha\AppData\Local\Programs\Microsoft VS Code\bin;C:\Users\rapha\AppData\Roaming\npm;C:\Program Files (x86)\Java\jre7\bin;
USERNAME=rapha
OS=Windows_NT
PROCESSOR_IDENTIFIER=AMD64 Family 23 Model 8 Stepping 2, AuthenticAMD



---------------  S Y S T E M  ---------------

OS: Windows 10.0 , 64 bit Build 19041 (10.0.19041.1741)

CPU:total 12 (initial active 12) (12 cores per cpu, 1 threads per core) family 23 model 8 stepping 2, cmov, cx8, fxsr, mmx, sse, sse2, sse3, ssse3, sse4.1, sse4.2, popcnt, avx, avx2, aes, clmul, mmxext, 3dnowpref, lzcnt, sse4a, tsc, tscinvbit, tscinv, bmi1

Memory: 4k page, physical 16730076k(7143240k free), swap 35984884k(20198176k free)

vm_info: Java HotSpot(TM) 64-Bit Server VM (25.231-b11) for windows-amd64 JRE (1.8.0_231-b11), built on Oct  5 2019 03:11:30 by "java_re" with MS VC++ 10.0 (VS2010)

time: Sun Jul 03 10:45:20 2022
timezone: Paris, Madrid (heure d’été)
elapsed time: 21 seconds (0d 0h 0m 21s)

